<?xml version="1.0" encoding="UTF-8"?>
<!-- Generated by org.testng.reporters.JUnitXMLReporter -->
<testsuite ignored="0" hostname="DESKTOP-58S81VR" failures="1" tests="4" name="Test" time="158.742" errors="0" timestamp="2022-08-16T12:30:18 IST">
  <testcase classname="Academy.ValidateNaviBar" name="basePageNaviBar" time="50.526"/>
  <testcase classname="Academy.ValidateTitle" name="textCheck" time="29.565">
    <failure type="java.lang.AssertionError" message="expected [FEATURED COURSES123] but found [FEATURED COURSES]">
      <![CDATA[java.lang.AssertionError: expected [FEATURED COURSES123] but found [FEATURED COURSES]
at Academy.ValidateTitle.textCheck(ValidateTitle.java:24)
at java.base/java.util.ArrayList.forEach(ArrayList.java:1511)
... Removed 33 stack frames]]>
    </failure>
  </testcase> <!-- textCheck -->
  <testcase classname="Academy.HomePage" name="basePageNavigation" time="38.117"/>
  <testcase classname="Academy.HomePage" name="basePageNavigation" time="31.733"/>
</testsuite> <!-- Test -->
